********SNAPE OUTPUT******************	
INPUT PARAMETERS
T = 298.0 K
P = 101325.0 Pascal
M = 16.0 a.u.
sigma = 1.0
Escf = -22.50792722 a.u.

MOMEMTS(S) OF INERTIA(Kg/m**2) = 3
0 = 1.0551e-47 
1 = 1.9782e-47 
2 = 3.0333e-47 

TRANSLATIONAL ENERGY = 3716.5635306000004 J/mol
TRANSLATIONAL ENTROPY = 143.31768860095872 J/mol*K

RT = 2477.7090204 J/mol

ROTATIONAL TEMPERATURES(1/K) = 3
0 = 38.17205644429643 
1 = 20.35958788513657 
2 = 13.277729454513949 

ROTATIONAL ENERGY = 3716.5635306000004 J/mol
ROTATIONAL ENTROPY = 49.86292331999573 J/mol*K

VIBRATIONAL TEMPERATURES(1/K) = 3
0 = 2294.418246149066 
1 = 5261.752660683356 
2 = 5403.903863241536 

ZERO POINT ENERGY (ZPE) = 53878.01073857618 J/mol
VIBRATIONAL ENERGY = 53886.659582048545 J/mol
VIBRATIONAL ENTROPY = 0.07886044384743054 J/mol*K

Stot = 193.25947236480187 J/mol*K
Utot = -58976973.311416745 J/mol
H = -58974495.60239635 J/mol
G = -59032086.925161056 J/mol
